[2018-05-14 11:43:00] my_logger.INFO: Ticket list [] []
[2018-05-15 09:09:08] my_logger.INFO: Ticket list [] []
[2018-05-15 09:11:20] my_logger.INFO: Ticket list [] []
[2018-05-15 09:12:33] my_logger.INFO: Ticket list [] []
[2018-05-15 09:12:41] my_logger.INFO: Ticket list [] []
[2018-05-15 09:14:58] my_logger.INFO: Ticket list [] []
[2018-05-15 11:37:35] my_logger.INFO: Ticket list [] []
[2018-05-15 11:38:05] my_logger.INFO: Ticket list [] []
[2018-05-15 15:24:26] my_logger.INFO: Ticket list [] []
[2018-05-15 16:00:07] my_logger.INFO: Ticket list [] []
[2018-05-15 16:00:19] my_logger.INFO: component list [] []
[2018-05-15 16:01:45] my_logger.INFO: component list [] []
[2018-05-15 16:02:00] my_logger.INFO: component list [] []
[2018-05-15 16:03:12] my_logger.INFO: component list [] []
[2018-05-15 16:04:17] my_logger.INFO: component list [] []
[2018-05-15 16:11:43] my_logger.INFO: component list [] []
[2018-05-15 16:19:27] my_logger.INFO: component list [] []
[2018-05-15 16:28:43] my_logger.INFO: component list [] []
[2018-05-15 16:29:01] my_logger.INFO: Ticket list [] []
[2018-05-15 16:29:22] my_logger.INFO: Ticket list [] []
[2018-05-15 16:29:29] my_logger.INFO: Ticket list [] []
[2018-05-15 16:32:54] my_logger.INFO: component list [] []
[2018-05-15 16:44:32] my_logger.INFO: component list [] []
[2018-05-15 16:44:39] my_logger.INFO: component list [] []
[2018-05-15 16:50:02] my_logger.INFO: component list [] []
[2018-05-15 16:50:14] my_logger.INFO: Ticket list [] []
[2018-05-15 16:51:40] my_logger.INFO: Menulist [] []
[2018-05-15 16:51:51] my_logger.INFO: Menulist [] []
[2018-05-15 16:53:12] my_logger.INFO: Menulist [] []
[2018-05-15 16:53:13] my_logger.INFO: Ticket list [] []
[2018-05-15 16:53:15] my_logger.INFO: component list [] []
[2018-05-15 16:53:22] my_logger.INFO: Ticket list [] []
[2018-05-15 16:53:58] my_logger.INFO: Menulist [] []
[2018-05-15 16:53:59] my_logger.INFO: Menulist [] []
[2018-05-15 16:54:00] my_logger.INFO: Menulist [] []
[2018-05-15 16:54:18] my_logger.INFO: Menulist [] []
[2018-05-15 16:54:18] my_logger.INFO: Menulist [] []
[2018-05-15 16:54:19] my_logger.INFO: Ticket list [] []
[2018-05-15 16:54:22] my_logger.INFO: component list [] []
[2018-05-15 17:17:53] my_logger.INFO: Ticket list [] []
[2018-05-15 17:18:09] my_logger.INFO: Menulist [] []
[2018-05-15 17:18:10] my_logger.INFO: component list [] []
[2018-05-15 17:23:03] my_logger.INFO: Menulist [] []
[2018-05-15 17:35:28] my_logger.INFO: Menulist [] []
[2018-05-15 17:35:28] my_logger.INFO: Menulist [] []
[2018-05-15 17:35:29] my_logger.INFO: Ticket list [] []
[2018-05-15 17:35:31] my_logger.INFO: component list [] []
[2018-05-15 17:35:35] my_logger.INFO: Ticket list [] []
[2018-05-15 17:38:57] my_logger.INFO: Menulist [] []
[2018-05-15 17:41:42] my_logger.INFO: Menulist [] []
[2018-05-15 17:44:58] my_logger.INFO: Menulist [] []
[2018-05-15 17:48:15] my_logger.INFO: Menulist [] []
[2018-05-15 17:48:54] my_logger.INFO: Menulist [] []
[2018-05-15 17:49:36] my_logger.INFO: Menulist [] []
[2018-05-15 17:49:39] my_logger.INFO: Menulist [] []
[2018-05-15 17:50:00] my_logger.INFO: Menulist [] []
[2018-05-15 17:52:36] my_logger.INFO: Menulist [] []
[2018-05-15 17:53:16] my_logger.INFO: Menulist [] []
[2018-05-15 17:53:18] my_logger.INFO: Menulist [] []
[2018-05-15 17:53:20] my_logger.INFO: Menulist [] []
[2018-05-15 17:53:22] my_logger.INFO: Ticket list [] []
[2018-05-15 17:54:30] my_logger.INFO: Menulist [] []
[2018-05-15 17:54:32] my_logger.INFO: Ticket list [] []
[2018-05-15 17:54:40] my_logger.INFO: Menulist [] []
[2018-05-15 17:54:43] my_logger.INFO: Ticket list [] []
[2018-05-15 18:04:03] my_logger.INFO: Ticket list [] []
[2018-05-15 18:05:16] my_logger.INFO: Ticket list [] []
[2018-05-15 18:05:17] my_logger.INFO: Ticket list [] []
[2018-05-15 18:05:47] my_logger.INFO: Menulist [] []
[2018-05-15 18:05:49] my_logger.INFO: Menulist [] []
[2018-05-15 18:05:50] my_logger.INFO: Ticket list [] []
[2018-05-15 18:06:39] my_logger.INFO: Ticket list [] []
[2018-05-15 18:06:40] my_logger.INFO: Ticket list [] []
[2018-05-15 18:06:40] my_logger.INFO: Ticket list [] []
[2018-05-15 18:06:52] my_logger.INFO: Ticket list [] []
[2018-05-15 18:08:26] my_logger.INFO: Ticket list [] []
[2018-05-15 18:08:29] my_logger.INFO: Ticket list [] []
[2018-05-15 18:10:51] my_logger.INFO: Ticket list [] []
[2018-05-15 18:12:58] my_logger.INFO: Menulist [] []
[2018-05-15 18:13:02] my_logger.INFO: Ticket list [] []
[2018-05-15 18:13:23] my_logger.INFO: Ticket list [] []
[2018-05-15 18:13:26] my_logger.INFO: Ticket list [] []
[2018-05-15 18:13:39] my_logger.INFO: Ticket list [] []
[2018-05-15 18:13:40] my_logger.INFO: Menulist [] []
[2018-05-15 18:13:44] my_logger.INFO: Ticket list [] []
[2018-05-15 18:14:08] my_logger.INFO: Ticket list [] []
[2018-05-15 18:14:47] my_logger.INFO: Ticket list [] []
[2018-05-15 18:15:17] my_logger.INFO: component list [] []
[2018-05-15 18:15:18] my_logger.INFO: Menulist [] []
[2018-05-15 18:15:20] my_logger.INFO: component list [] []
[2018-05-15 18:15:22] my_logger.INFO: component list [] []
[2018-05-15 18:15:24] my_logger.INFO: Menulist [] []
[2018-05-15 18:15:26] my_logger.INFO: Ticket list [] []
[2018-05-15 18:15:31] my_logger.INFO: Menulist [] []
[2018-05-15 18:22:55] my_logger.INFO: Menulist [] []
[2018-05-15 18:22:57] my_logger.INFO: Ticket list [] []
[2018-05-15 18:22:59] my_logger.INFO: Menulist [] []
[2018-05-15 18:23:01] my_logger.INFO: component list [] []
[2018-05-15 18:23:01] my_logger.INFO: Menulist [] []
[2018-05-15 18:23:03] my_logger.INFO: Menulist [] []
[2018-05-16 04:27:02] my_logger.INFO: Menulist [] []
[2018-05-16 04:27:06] my_logger.INFO: component list [] []
[2018-05-16 04:27:08] my_logger.INFO: component list [] []
[2018-05-16 04:27:10] my_logger.INFO: component list [] []
[2018-05-16 04:27:12] my_logger.INFO: component list [] []
[2018-05-16 04:27:14] my_logger.INFO: component list [] []
[2018-05-16 04:27:16] my_logger.INFO: Ticket list [] []
[2018-05-16 04:27:18] my_logger.INFO: component list [] []
[2018-05-16 04:27:20] my_logger.INFO: component list [] []
[2018-05-16 04:27:22] my_logger.INFO: component list [] []
[2018-05-16 04:27:38] my_logger.INFO: Menulist [] []
[2018-05-16 04:27:40] my_logger.INFO: component list [] []
[2018-05-16 04:28:23] my_logger.INFO: component list [] []
[2018-05-16 04:28:24] my_logger.INFO: component list [] []
[2018-05-16 04:28:28] my_logger.INFO: Ticket list [] []
[2018-05-16 04:28:30] my_logger.INFO: component list [] []
[2018-05-16 04:56:34] my_logger.INFO: Ticket list [] []
[2018-05-16 05:01:44] my_logger.INFO: Ticket list [] []
[2018-05-16 05:01:46] my_logger.INFO: component list [] []
[2018-05-16 05:13:09] my_logger.INFO: component list [] []
[2018-05-16 05:13:13] my_logger.INFO: component list [] []
[2018-05-16 05:14:35] my_logger.INFO: component list [] []
[2018-05-16 05:14:52] my_logger.INFO: component list [] []
[2018-05-16 05:14:52] my_logger.INFO: component list [] []
[2018-05-16 05:14:55] my_logger.INFO: component list [] []
[2018-05-16 05:20:27] my_logger.INFO: component list [] []
[2018-05-16 05:20:28] my_logger.INFO: component list [] []
[2018-05-16 05:20:28] my_logger.INFO: component list [] []
[2018-05-16 05:20:28] my_logger.INFO: component list [] []
[2018-05-16 05:20:29] my_logger.INFO: component list [] []
[2018-05-16 05:20:29] my_logger.INFO: component list [] []
[2018-05-16 05:20:29] my_logger.INFO: component list [] []
[2018-05-16 05:20:59] my_logger.INFO: component list [] []
[2018-05-16 05:21:09] my_logger.INFO: component list [] []
[2018-05-16 05:21:13] my_logger.INFO: component list [] []
[2018-05-16 05:25:21] my_logger.INFO: component list [] []
[2018-05-16 05:25:24] my_logger.INFO: component list [] []
[2018-05-16 05:26:23] my_logger.INFO: component list [] []
[2018-05-16 06:16:33] my_logger.INFO: component list [] []
[2018-05-16 06:16:34] my_logger.INFO: component list [] []
[2018-05-16 06:16:35] my_logger.INFO: component list [] []
[2018-05-16 06:16:36] my_logger.INFO: component list [] []
[2018-05-16 06:16:37] my_logger.INFO: component list [] []
[2018-05-16 06:16:37] my_logger.INFO: component list [] []
[2018-05-16 06:16:38] my_logger.INFO: component list [] []
[2018-05-16 06:16:48] my_logger.INFO: Menulist [] []
[2018-05-16 06:17:21] my_logger.INFO: component list [] []
[2018-05-16 06:17:22] my_logger.INFO: component list [] []
[2018-05-16 06:17:23] my_logger.INFO: component list [] []
[2018-05-16 06:17:23] my_logger.INFO: component list [] []
[2018-05-16 06:17:23] my_logger.INFO: component list [] []
[2018-05-16 06:17:24] my_logger.INFO: component list [] []
[2018-05-16 06:20:22] my_logger.INFO: component list [] []
[2018-05-16 06:21:43] my_logger.INFO: component list [] []
[2018-05-16 06:23:01] my_logger.INFO: component list [] []
[2018-05-16 06:23:03] my_logger.INFO: component list [] []
[2018-05-16 06:23:04] my_logger.INFO: component list [] []
[2018-05-16 06:23:04] my_logger.INFO: component list [] []
[2018-05-16 06:23:04] my_logger.INFO: component list [] []
[2018-05-16 06:23:06] my_logger.INFO: component list [] []
[2018-05-16 06:23:07] my_logger.INFO: component list [] []
[2018-05-16 06:23:07] my_logger.INFO: component list [] []
[2018-05-16 06:23:07] my_logger.INFO: component list [] []
[2018-05-16 06:23:08] my_logger.INFO: component list [] []
[2018-05-16 06:23:08] my_logger.INFO: component list [] []
[2018-05-16 06:23:09] my_logger.INFO: component list [] []
[2018-05-16 06:23:10] my_logger.INFO: component list [] []
[2018-05-16 06:23:10] my_logger.INFO: component list [] []
[2018-05-16 06:23:10] my_logger.INFO: component list [] []
[2018-05-16 06:23:12] my_logger.INFO: component list [] []
[2018-05-16 06:23:12] my_logger.INFO: component list [] []
[2018-05-16 06:23:30] my_logger.INFO: component list [] []
[2018-05-16 06:23:30] my_logger.INFO: component list [] []
[2018-05-16 06:23:31] my_logger.INFO: component list [] []
[2018-05-16 06:24:33] my_logger.INFO: component list [] []
[2018-05-16 06:24:33] my_logger.INFO: component list [] []
[2018-05-16 06:24:33] my_logger.INFO: component list [] []
[2018-05-16 06:24:34] my_logger.INFO: component list [] []
[2018-05-16 06:24:35] my_logger.INFO: component list [] []
[2018-05-16 06:24:35] my_logger.INFO: component list [] []
[2018-05-16 06:24:35] my_logger.INFO: component list [] []
[2018-05-16 06:24:36] my_logger.INFO: component list [] []
[2018-05-16 06:24:36] my_logger.INFO: component list [] []
[2018-05-16 06:28:09] my_logger.INFO: component list [] []
[2018-05-16 06:28:16] my_logger.INFO: component list [] []
[2018-05-16 06:28:24] my_logger.INFO: Ticket list [] []
[2018-05-16 06:34:07] my_logger.INFO: component list [] []
[2018-05-16 06:34:44] my_logger.INFO: component list [] []
[2018-05-16 06:46:47] my_logger.INFO: Menulist [] []
[2018-05-16 06:46:51] my_logger.INFO: Ticket list [] []
[2018-05-16 06:46:58] my_logger.INFO: component list [] []
[2018-05-16 06:47:00] my_logger.INFO: component list [] []
[2018-05-16 06:47:06] my_logger.INFO: Ticket list [] []
[2018-05-16 06:54:54] my_logger.INFO: Ticket list [] []
[2018-05-16 06:55:27] my_logger.INFO: Ticket list [] []
[2018-05-16 06:55:30] my_logger.INFO: component list [] []
[2018-05-16 06:55:32] my_logger.INFO: component list [] []
[2018-05-16 06:55:33] my_logger.INFO: component list [] []
[2018-05-16 06:55:54] my_logger.INFO: component list [] []
[2018-05-16 07:25:13] my_logger.INFO: Menulist [] []
[2018-05-16 07:25:16] my_logger.INFO: component list [] []
[2018-05-16 07:25:17] my_logger.INFO: component list [] []
[2018-05-16 07:25:17] my_logger.INFO: component list [] []
[2018-05-16 07:25:18] my_logger.INFO: component list [] []
[2018-05-16 07:25:25] my_logger.INFO: component list [] []
[2018-05-16 07:25:26] my_logger.INFO: component list [] []
[2018-05-16 07:25:26] my_logger.INFO: component list [] []
[2018-05-16 07:25:27] my_logger.INFO: component list [] []
[2018-05-16 07:25:27] my_logger.INFO: component list [] []
[2018-05-16 07:25:27] my_logger.INFO: component list [] []
[2018-05-16 07:25:28] my_logger.INFO: component list [] []
[2018-05-16 07:25:28] my_logger.INFO: component list [] []
[2018-05-16 07:25:30] my_logger.INFO: Menulist [] []
[2018-05-16 07:25:32] my_logger.INFO: Ticket list [] []
[2018-05-16 07:25:43] my_logger.INFO: component list [] []
[2018-05-16 07:25:48] my_logger.INFO: Menulist [] []
[2018-05-16 07:25:50] my_logger.INFO: component list [] []
[2018-05-16 07:33:24] my_logger.INFO: component list [] []
[2018-05-16 07:33:30] my_logger.INFO: Menulist [] []
[2018-05-16 07:33:32] my_logger.INFO: Ticket list [] []
[2018-05-16 07:33:37] my_logger.INFO: component list [] []
[2018-05-16 07:34:18] my_logger.INFO: component list [] []
[2018-05-16 07:34:21] my_logger.INFO: Menulist [] []
[2018-05-16 08:08:12] my_logger.INFO: Menulist [] []
[2018-05-16 08:08:17] my_logger.INFO: Ticket list [] []
[2018-05-16 08:08:21] my_logger.INFO: component list [] []
[2018-05-16 08:10:37] my_logger.INFO: component list [] []
[2018-05-16 08:16:21] my_logger.INFO: component list [] []
[2018-05-16 08:17:07] my_logger.INFO: component list [] []
[2018-05-16 08:17:12] my_logger.INFO: component list [] []
[2018-05-16 08:17:12] my_logger.INFO: component list [] []
[2018-05-16 08:17:12] my_logger.INFO: component list [] []
[2018-05-16 08:17:13] my_logger.INFO: component list [] []
[2018-05-16 08:18:10] my_logger.INFO: component list [] []
[2018-05-16 08:18:10] my_logger.INFO: component list [] []
[2018-05-16 08:18:10] my_logger.INFO: component list [] []
[2018-05-16 08:18:11] my_logger.INFO: component list [] []
[2018-05-16 08:18:13] my_logger.INFO: component list [] []
[2018-05-16 08:18:20] my_logger.INFO: component list [] []
[2018-05-16 08:18:28] my_logger.INFO: component list [] []
[2018-05-16 08:18:29] my_logger.INFO: component list [] []
[2018-05-16 08:18:29] my_logger.INFO: component list [] []
[2018-05-16 08:18:30] my_logger.INFO: component list [] []
[2018-05-16 08:18:31] my_logger.INFO: component list [] []
[2018-05-16 08:19:01] my_logger.INFO: component list [] []
[2018-05-16 08:19:11] my_logger.INFO: component list [] []
[2018-05-16 08:19:14] my_logger.INFO: component list [] []
[2018-05-16 08:19:18] my_logger.INFO: component list [] []
[2018-05-16 08:20:03] my_logger.INFO: component list [] []
[2018-05-16 08:20:46] my_logger.INFO: component list [] []
[2018-05-16 08:32:25] my_logger.INFO: component list [] []
[2018-05-16 08:32:26] my_logger.INFO: component list [] []
[2018-05-16 08:32:27] my_logger.INFO: component list [] []
[2018-05-16 08:32:29] my_logger.INFO: component list [] []
[2018-05-16 08:32:30] my_logger.INFO: component list [] []
[2018-05-16 08:32:53] my_logger.INFO: component list [] []
[2018-05-16 08:32:57] my_logger.INFO: component list [] []
[2018-05-16 08:33:04] my_logger.INFO: component list [] []
[2018-05-16 08:33:16] my_logger.INFO: component list [] []
[2018-05-16 08:33:24] my_logger.INFO: component list [] []
[2018-05-16 08:33:26] my_logger.INFO: component list [] []
[2018-05-16 08:33:27] my_logger.INFO: component list [] []
[2018-05-16 08:35:14] my_logger.INFO: component list [] []
[2018-05-16 08:35:16] my_logger.INFO: component list [] []
[2018-05-16 08:35:16] my_logger.INFO: component list [] []
[2018-05-16 08:35:17] my_logger.INFO: component list [] []
[2018-05-16 08:35:17] my_logger.INFO: component list [] []
[2018-05-16 08:35:22] my_logger.INFO: component list [] []
[2018-05-16 08:35:23] my_logger.INFO: component list [] []
[2018-05-16 08:35:23] my_logger.INFO: component list [] []
[2018-05-16 08:35:23] my_logger.INFO: component list [] []
[2018-05-16 08:35:24] my_logger.INFO: component list [] []
[2018-05-16 08:35:24] my_logger.INFO: component list [] []
[2018-05-16 08:35:24] my_logger.INFO: component list [] []
[2018-05-16 08:35:25] my_logger.INFO: component list [] []
[2018-05-16 08:35:26] my_logger.INFO: component list [] []
[2018-05-16 08:35:41] my_logger.INFO: component list [] []
[2018-05-16 08:35:45] my_logger.INFO: component list [] []
[2018-05-16 08:35:47] my_logger.INFO: component list [] []
[2018-05-16 08:37:51] my_logger.INFO: component list [] []
[2018-05-16 08:38:58] my_logger.INFO: component list [] []
[2018-05-16 08:47:14] my_logger.INFO: component list [] []
[2018-05-16 08:47:16] my_logger.INFO: component list [] []
[2018-05-16 08:47:24] my_logger.INFO: component list [] []
[2018-05-16 08:47:26] my_logger.INFO: component list [] []
[2018-05-16 08:48:52] my_logger.INFO: component list [] []
[2018-05-16 08:48:56] my_logger.INFO: component list [] []
[2018-05-16 08:49:05] my_logger.INFO: component list [] []
[2018-05-16 08:49:12] my_logger.INFO: component list [] []
[2018-05-16 09:02:58] my_logger.INFO: Ticket list [] []
[2018-05-16 09:03:05] my_logger.INFO: Menulist [] []
[2018-05-16 17:25:43] my_logger.INFO: Menulist [] []
[2018-05-16 17:25:45] my_logger.INFO: component list [] []
[2018-05-16 17:25:51] my_logger.INFO: component list [] []
[2018-05-16 17:25:55] my_logger.INFO: component list [] []
[2018-05-16 17:28:02] my_logger.INFO: Menulist [] []
[2018-05-16 17:28:04] my_logger.INFO: component list [] []
[2018-05-16 17:28:07] my_logger.INFO: component list [] []
[2018-05-16 17:33:56] my_logger.INFO: component list [] []
[2018-05-16 17:34:12] my_logger.INFO: component list [] []
[2018-05-16 17:34:13] my_logger.INFO: component list [] []
[2018-05-16 17:34:13] my_logger.INFO: component list [] []
[2018-05-16 17:35:53] my_logger.INFO: component list [] []
[2018-05-16 17:36:03] my_logger.INFO: component list [] []
[2018-05-16 17:36:09] my_logger.INFO: component list [] []
[2018-05-16 17:36:17] my_logger.INFO: component list [] []
[2018-05-16 17:36:17] my_logger.INFO: component list [] []
[2018-05-16 17:36:18] my_logger.INFO: component list [] []
[2018-05-16 17:36:18] my_logger.INFO: component list [] []
[2018-05-16 17:36:18] my_logger.INFO: component list [] []
[2018-05-16 17:54:59] my_logger.INFO: component list [] []
[2018-05-16 17:54:59] my_logger.INFO: component list [] []
[2018-05-16 17:54:59] my_logger.INFO: component list [] []
[2018-05-16 17:55:28] my_logger.INFO: component list [] []
[2018-05-16 17:55:28] my_logger.INFO: component list [] []
[2018-05-16 17:55:28] my_logger.INFO: component list [] []
[2018-05-16 17:55:30] my_logger.INFO: component list [] []
[2018-05-16 17:57:03] my_logger.INFO: component list [] []
[2018-05-16 17:57:04] my_logger.INFO: component list [] []
[2018-05-16 17:57:04] my_logger.INFO: component list [] []
[2018-05-16 17:57:19] my_logger.INFO: component list [] []
[2018-05-16 17:57:19] my_logger.INFO: component list [] []
[2018-05-16 17:57:19] my_logger.INFO: component list [] []
[2018-05-16 17:57:25] my_logger.INFO: component list [] []
[2018-05-16 17:57:27] my_logger.INFO: component list [] []
[2018-05-16 17:58:19] my_logger.INFO: component list [] []
[2018-05-16 17:58:19] my_logger.INFO: component list [] []
[2018-05-16 17:58:19] my_logger.INFO: component list [] []
[2018-05-16 17:58:50] my_logger.INFO: component list [] []
[2018-05-16 17:58:50] my_logger.INFO: component list [] []
[2018-05-16 17:58:51] my_logger.INFO: component list [] []
[2018-05-16 17:59:36] my_logger.INFO: component list [] []
[2018-05-16 18:00:33] my_logger.INFO: component list [] []
[2018-05-16 18:00:33] my_logger.INFO: component list [] []
[2018-05-16 18:00:33] my_logger.INFO: component list [] []
[2018-05-16 18:00:34] my_logger.INFO: component list [] []
[2018-05-16 18:01:00] my_logger.INFO: component list [] []
[2018-05-16 18:01:02] my_logger.INFO: component list [] []
[2018-05-16 18:01:10] my_logger.INFO: component list [] []
[2018-05-16 18:01:19] my_logger.INFO: component list [] []
[2018-05-16 18:02:02] my_logger.INFO: component list [] []
[2018-05-16 18:02:03] my_logger.INFO: component list [] []
[2018-05-16 18:02:16] my_logger.INFO: component list [] []
[2018-05-16 18:06:04] my_logger.INFO: component list [] []
[2018-05-16 18:06:33] my_logger.INFO: component list [] []
[2018-05-16 18:06:35] my_logger.INFO: component list [] []
[2018-05-16 18:07:10] my_logger.INFO: component list [] []
[2018-05-16 18:10:14] my_logger.INFO: component list [] []
[2018-05-16 18:10:15] my_logger.INFO: component list [] []
[2018-05-16 18:10:41] my_logger.INFO: component list [] []
[2018-05-16 18:10:42] my_logger.INFO: component list [] []
[2018-05-16 18:10:42] my_logger.INFO: component list [] []
[2018-05-16 18:10:54] my_logger.INFO: component list [] []
[2018-05-16 18:12:07] my_logger.INFO: component list [] []
[2018-05-16 18:21:04] my_logger.INFO: component list [] []
[2018-05-16 18:21:14] my_logger.INFO: component list [] []
[2018-05-16 18:22:30] my_logger.INFO: component list [] []
[2018-05-16 18:22:31] my_logger.INFO: component list [] []
[2018-05-16 18:22:31] my_logger.INFO: component list [] []
[2018-05-16 18:27:07] my_logger.INFO: component list [] []
[2018-05-16 18:27:08] my_logger.INFO: component list [] []
[2018-05-16 18:27:08] my_logger.INFO: component list [] []
[2018-05-16 18:28:07] my_logger.INFO: component list [] []
[2018-05-16 18:28:19] my_logger.INFO: component list [] []
[2018-05-16 18:29:04] my_logger.INFO: component list [] []
[2018-05-16 18:29:04] my_logger.INFO: component list [] []
[2018-05-16 18:29:05] my_logger.INFO: component list [] []
[2018-05-16 18:29:22] my_logger.INFO: component list [] []
[2018-05-16 18:29:22] my_logger.INFO: component list [] []
[2018-05-16 18:29:22] my_logger.INFO: component list [] []
[2018-05-16 18:29:22] my_logger.INFO: component list [] []
[2018-05-16 18:49:13] my_logger.INFO: component list [] []
[2018-05-16 18:49:13] my_logger.INFO: component list [] []
[2018-05-16 18:49:13] my_logger.INFO: component list [] []
[2018-05-16 18:52:33] my_logger.INFO: component list [] []
[2018-05-16 18:52:48] my_logger.INFO: component list [] []
[2018-05-16 18:58:05] my_logger.INFO: component list [] []
[2018-05-16 18:58:26] my_logger.INFO: component list [] []
[2018-05-16 18:58:31] my_logger.INFO: component list [] []
[2018-05-16 18:58:33] my_logger.INFO: component list [] []
[2018-05-16 19:03:31] my_logger.INFO: component list [] []
[2018-05-16 19:03:35] my_logger.INFO: component list [] []
[2018-05-16 19:11:42] my_logger.INFO: component list [] []
[2018-05-16 19:11:44] my_logger.INFO: component list [] []
[2018-05-16 19:11:52] my_logger.INFO: component list [] []
[2018-05-16 19:11:53] my_logger.INFO: component list [] []
[2018-05-16 19:12:03] my_logger.INFO: component list [] []
[2018-05-16 19:12:14] my_logger.INFO: component list [] []
[2018-05-16 19:12:23] my_logger.INFO: component list [] []
[2018-05-16 19:20:33] my_logger.INFO: component list [] []
[2018-05-16 19:20:34] my_logger.INFO: component list [] []
[2018-05-16 19:20:34] my_logger.INFO: component list [] []
[2018-05-16 19:20:35] my_logger.INFO: component list [] []
[2018-05-16 19:20:35] my_logger.INFO: component list [] []
[2018-05-16 19:20:36] my_logger.INFO: component list [] []
[2018-05-16 19:20:41] my_logger.INFO: component list [] []
[2018-05-16 19:20:42] my_logger.INFO: component list [] []
[2018-05-16 19:20:44] my_logger.INFO: Ticket list [] []
[2018-05-16 19:20:52] my_logger.INFO: component list [] []
[2018-05-16 19:21:00] my_logger.INFO: component list [] []
[2018-05-16 19:21:37] my_logger.INFO: component list [] []
[2018-05-16 19:21:40] my_logger.INFO: Menulist [] []
[2018-05-18 05:27:59] my_logger.INFO: Menulist [] []
[2018-05-18 05:28:00] my_logger.INFO: Menulist [] []
[2018-05-18 05:28:06] my_logger.INFO: component list [] []
[2018-05-18 05:28:25] my_logger.INFO: component list [] []
[2018-05-18 06:25:40] my_logger.INFO: Menulist [] []
[2018-05-21 05:42:21] my_logger.INFO: Menulist [] []
[2018-05-21 05:43:51] my_logger.INFO: Menulist [] []
[2018-05-21 05:43:56] my_logger.INFO: component list [] []
[2018-05-21 05:44:10] my_logger.INFO: component list [] []
[2018-05-21 05:44:23] my_logger.INFO: Menulist [] []
[2018-05-21 05:53:14] my_logger.INFO: Menulist [] []
[2018-05-21 05:53:17] my_logger.INFO: component list [] []
[2018-05-21 05:54:00] my_logger.INFO: component list [] []
[2018-05-21 05:58:05] my_logger.INFO: component list [] []
[2018-05-21 05:58:09] my_logger.INFO: component list [] []
[2018-05-21 05:58:13] my_logger.INFO: component list [] []
[2018-05-21 05:58:16] my_logger.INFO: component list [] []
[2018-05-21 05:58:21] my_logger.INFO: component list [] []
[2018-05-21 05:58:42] my_logger.INFO: component list [] []
[2018-05-21 05:58:46] my_logger.INFO: component list [] []
[2018-05-21 05:58:52] my_logger.INFO: component list [] []
[2018-05-21 05:58:58] my_logger.INFO: component list [] []
[2018-05-21 05:59:13] my_logger.INFO: component list [] []
[2018-05-21 06:00:47] my_logger.INFO: component list [] []
[2018-05-21 06:00:50] my_logger.INFO: component list [] []
[2018-05-21 06:00:53] my_logger.INFO: component list [] []
[2018-05-21 06:01:45] my_logger.INFO: component list [] []
[2018-05-21 06:01:47] my_logger.INFO: component list [] []
[2018-05-21 06:01:50] my_logger.INFO: component list [] []
[2018-05-21 06:03:23] my_logger.INFO: component list [] []
[2018-05-21 06:03:26] my_logger.INFO: component list [] []
[2018-05-21 06:03:28] my_logger.INFO: component list [] []
[2018-05-21 06:03:31] my_logger.INFO: component list [] []
[2018-05-21 06:06:21] my_logger.INFO: component list [] []
[2018-05-21 06:06:23] my_logger.INFO: component list [] []
[2018-05-21 06:06:26] my_logger.INFO: component list [] []
[2018-05-21 06:06:35] my_logger.INFO: component list [] []
[2018-05-21 06:06:38] my_logger.INFO: component list [] []
[2018-05-21 06:06:43] my_logger.INFO: component list [] []
[2018-05-21 06:07:03] my_logger.INFO: component list [] []
[2018-05-21 06:07:03] my_logger.INFO: component list [] []
[2018-05-21 06:07:05] my_logger.INFO: component list [] []
[2018-05-21 06:07:10] my_logger.INFO: component list [] []
[2018-05-21 06:07:13] my_logger.INFO: Menulist [] []
[2018-05-21 06:17:28] my_logger.INFO: component list [] []
[2018-05-21 06:31:12] my_logger.INFO: component list [] []
[2018-05-21 06:31:15] my_logger.INFO: component list [] []
[2018-05-21 06:31:18] my_logger.INFO: component list [] []
[2018-05-21 06:31:20] my_logger.INFO: component list [] []
[2018-05-21 13:28:56] my_logger.INFO: Menulist [] []
[2018-05-21 13:30:34] my_logger.INFO: Menulist [] []
[2018-05-21 13:30:34] my_logger.INFO: Menulist [] []
[2018-05-21 13:30:49] my_logger.INFO: Menulist [] []
[2018-05-21 13:30:49] my_logger.INFO: Menulist [] []
[2018-05-21 13:31:46] my_logger.INFO: Menulist [] []
[2018-05-21 13:31:47] my_logger.INFO: Menulist [] []
[2018-05-21 13:31:47] my_logger.INFO: Menulist [] []
[2018-05-21 13:32:51] my_logger.INFO: component list [] []
[2018-05-21 13:44:36] my_logger.INFO: component list [] []
[2018-05-21 13:44:37] my_logger.INFO: component list [] []
[2018-05-21 13:44:44] my_logger.INFO: component list [] []
[2018-05-21 13:44:48] my_logger.INFO: component list [] []
[2018-05-21 13:45:36] my_logger.INFO: component list [] []
[2018-05-21 13:45:41] my_logger.INFO: component list [] []
[2018-05-21 13:45:46] my_logger.INFO: component list [] []
[2018-05-21 13:46:46] my_logger.INFO: component list [] []
[2018-05-21 13:51:08] my_logger.INFO: Menulist [] []
[2018-05-21 13:51:11] my_logger.INFO: component list [] []
[2018-05-21 14:05:22] my_logger.INFO: component list [] []
[2018-05-21 14:05:24] my_logger.INFO: component list [] []
[2018-05-21 14:05:27] my_logger.INFO: component list [] []
[2018-05-21 14:05:28] my_logger.INFO: component list [] []
[2018-05-21 14:05:30] my_logger.INFO: component list [] []
[2018-05-21 14:05:31] my_logger.INFO: component list [] []
[2018-05-21 14:05:32] my_logger.INFO: component list [] []
[2018-05-21 14:05:46] my_logger.INFO: component list [] []
[2018-05-21 14:06:18] my_logger.INFO: component list [] []
[2018-05-21 14:13:57] my_logger.INFO: component list [] []
[2018-05-21 14:14:13] my_logger.INFO: component list [] []
[2018-05-21 14:14:20] my_logger.INFO: component list [] []
[2018-05-21 14:15:41] my_logger.INFO: component list [] []
[2018-05-21 14:15:41] my_logger.INFO: component list [] []
[2018-05-21 14:15:44] my_logger.INFO: Menulist [] []
[2018-05-21 14:15:50] my_logger.INFO: component list [] []
[2018-05-21 14:15:57] my_logger.INFO: component list [] []
[2018-05-21 14:16:04] my_logger.INFO: component list [] []
[2018-05-21 14:16:15] my_logger.INFO: component list [] []
[2018-05-21 14:16:22] my_logger.INFO: component list [] []
[2018-05-21 14:16:30] my_logger.INFO: component list [] []
[2018-05-21 14:25:23] my_logger.INFO: Menulist [] []
[2018-05-21 14:26:15] my_logger.INFO: Menulist [] []
[2018-05-21 14:26:35] my_logger.INFO: Ticket list [] []
[2018-05-21 14:27:05] my_logger.INFO: component list [] []
[2018-05-21 14:27:06] my_logger.INFO: Menulist [] []
[2018-05-21 14:27:15] my_logger.INFO: component list [] []
[2018-05-21 15:12:23] my_logger.INFO: Menulist [] []
[2018-05-21 15:40:41] my_logger.INFO: Menulist [] []
[2018-05-22 07:30:53] my_logger.INFO: Menulist [] []
[2018-05-22 07:31:03] my_logger.INFO: Menulist [] []
[2018-05-22 07:31:10] my_logger.INFO: Menulist [] []
[2018-05-22 07:31:30] my_logger.INFO: Ticket list [] []
[2018-05-22 07:31:31] my_logger.INFO: Menulist [] []
[2018-05-22 07:31:48] my_logger.INFO: component list [] []
[2018-05-22 07:31:58] my_logger.INFO: component list [] []
[2018-05-22 07:32:05] my_logger.INFO: component list [] []
[2018-05-22 07:32:29] my_logger.INFO: component list [] []
[2018-05-22 07:32:32] my_logger.INFO: Menulist [] []
[2018-05-22 07:32:42] my_logger.INFO: component list [] []
[2018-05-22 07:33:01] my_logger.INFO: component list [] []
[2018-05-22 07:33:08] my_logger.INFO: component list [] []
[2018-05-22 07:34:13] my_logger.INFO: component list [] []
[2018-05-22 07:34:56] my_logger.INFO: component list [] []
[2018-05-22 07:35:00] my_logger.INFO: component list [] []
[2018-05-23 20:54:49] my_logger.INFO: Menulist [] []
[2018-05-23 20:55:35] my_logger.INFO: Menulist [] []
[2018-05-23 20:56:45] my_logger.INFO: Menulist [] []
[2018-05-23 21:09:29] my_logger.INFO: depot list [] []
[2018-05-23 21:09:48] my_logger.INFO: depot list [] []
[2018-05-23 21:10:04] my_logger.INFO: depot list [] []
[2018-05-23 21:10:21] my_logger.INFO: depot list [] []
[2018-05-23 21:21:06] my_logger.INFO: Menulist [] []
[2018-05-23 21:21:12] my_logger.INFO: user list [] []
[2018-05-23 21:22:02] my_logger.INFO: user list [] []
[2018-05-23 21:22:53] my_logger.INFO: user list [] []
[2018-05-23 21:23:20] my_logger.INFO: user list [] []
[2018-05-23 21:23:34] my_logger.INFO: user list [] []
[2018-05-23 21:23:36] my_logger.INFO: Menulist [] []
[2018-05-23 21:23:43] my_logger.INFO: depot list [] []
[2018-05-23 21:23:45] my_logger.INFO: Menulist [] []
[2018-05-23 21:23:55] my_logger.INFO: user list [] []
[2018-05-23 21:24:02] my_logger.INFO: Menulist [] []
[2018-05-24 10:13:41] my_logger.INFO: Menulist [] []
[2018-05-24 10:15:24] my_logger.INFO: Menulist [] []
[2018-05-24 10:15:24] my_logger.INFO: Menulist [] []
[2018-05-24 10:15:43] my_logger.INFO: user list [] []
[2018-05-24 10:15:47] my_logger.INFO: Menulist [] []
[2018-05-24 10:15:52] my_logger.INFO: Menulist [] []
[2018-05-24 10:15:58] my_logger.INFO: depot list [] []
[2018-05-24 10:43:07] my_logger.INFO: Menulist [] []
[2018-05-24 10:44:04] my_logger.INFO: Menulist [] []
[2018-05-24 10:51:47] my_logger.INFO: Menulist [] []
[2018-05-24 10:51:54] my_logger.INFO: Menulist [] []
[2018-05-24 12:06:05] my_logger.INFO: Menulist [] []
[2018-05-24 12:06:13] my_logger.INFO: user list [] []
[2018-05-24 12:06:54] my_logger.INFO: user list [] []
[2018-05-24 12:07:01] my_logger.INFO: user list [] []
[2018-05-24 12:08:03] my_logger.INFO: user list [] []
[2018-05-24 12:08:15] my_logger.INFO: user list [] []
[2018-05-24 12:13:40] my_logger.INFO: user list [] []
[2018-05-24 12:13:42] my_logger.INFO: user list [] []
[2018-05-24 12:13:43] my_logger.INFO: user list [] []
[2018-05-24 12:13:44] my_logger.INFO: user list [] []
[2018-05-24 12:13:46] my_logger.INFO: user list [] []
[2018-05-24 12:13:47] my_logger.INFO: user list [] []
[2018-05-24 12:13:47] my_logger.INFO: user list [] []
[2018-05-24 12:13:47] my_logger.INFO: user list [] []
[2018-05-24 12:13:47] my_logger.INFO: user list [] []
[2018-05-24 12:13:48] my_logger.INFO: user list [] []
[2018-05-24 12:13:48] my_logger.INFO: user list [] []
[2018-05-24 12:13:48] my_logger.INFO: user list [] []
[2018-05-24 12:13:48] my_logger.INFO: user list [] []
[2018-05-24 12:13:51] my_logger.INFO: user list [] []
[2018-05-24 12:13:52] my_logger.INFO: user list [] []
[2018-05-24 12:13:52] my_logger.INFO: user list [] []
[2018-05-24 12:13:52] my_logger.INFO: user list [] []
[2018-05-24 12:13:53] my_logger.INFO: user list [] []
[2018-05-24 12:13:53] my_logger.INFO: user list [] []
[2018-05-24 12:13:54] my_logger.INFO: user list [] []
[2018-05-24 12:13:54] my_logger.INFO: user list [] []
[2018-05-24 12:13:55] my_logger.INFO: user list [] []
[2018-05-24 12:13:55] my_logger.INFO: user list [] []
[2018-05-24 12:13:55] my_logger.INFO: user list [] []
[2018-05-24 12:14:06] my_logger.INFO: user list [] []
[2018-05-24 12:14:25] my_logger.INFO: user list [] []
[2018-05-24 12:14:27] my_logger.INFO: user list [] []
[2018-05-24 12:14:28] my_logger.INFO: user list [] []
[2018-05-24 12:21:05] my_logger.INFO: user list [] []
[2018-05-24 12:21:06] my_logger.INFO: user list [] []
[2018-05-24 12:23:02] my_logger.INFO: user list [] []
[2018-05-24 12:23:04] my_logger.INFO: user list [] []
[2018-05-24 12:23:05] my_logger.INFO: user list [] []
[2018-05-24 12:30:10] my_logger.INFO: user list [] []
[2018-05-24 12:30:50] my_logger.INFO: user list [] []
[2018-05-24 12:47:32] my_logger.INFO: user list [] []
[2018-05-24 12:47:33] my_logger.INFO: user list [] []
[2018-05-24 12:48:06] my_logger.INFO: user list [] []
[2018-05-24 12:48:06] my_logger.INFO: user list [] []
[2018-05-24 12:48:07] my_logger.INFO: user list [] []
[2018-05-24 12:48:07] my_logger.INFO: user list [] []
[2018-05-24 12:48:08] my_logger.INFO: user list [] []
[2018-05-24 12:48:08] my_logger.INFO: user list [] []
[2018-05-24 12:48:52] my_logger.INFO: Menulist [] []
[2018-05-24 12:49:00] my_logger.INFO: user list [] []
[2018-05-24 12:49:39] my_logger.INFO: user list [] []
[2018-05-24 12:49:41] my_logger.INFO: user list [] []
[2018-05-24 12:49:41] my_logger.INFO: user list [] []
[2018-05-24 12:49:41] my_logger.INFO: user list [] []
[2018-05-24 12:50:14] my_logger.INFO: user list [] []
[2018-05-24 12:50:18] my_logger.INFO: user list [] []
[2018-05-24 12:50:23] my_logger.INFO: user list [] []
[2018-05-24 12:53:03] my_logger.INFO: user list [] []
[2018-05-24 12:53:03] my_logger.INFO: user list [] []
[2018-05-24 12:53:03] my_logger.INFO: user list [] []
[2018-05-24 12:53:03] my_logger.INFO: user list [] []
[2018-05-24 12:53:03] my_logger.INFO: user list [] []
[2018-05-24 12:53:15] my_logger.INFO: user list [] []
[2018-05-24 12:53:24] my_logger.INFO: user list [] []
[2018-05-24 12:53:29] my_logger.INFO: user list [] []
[2018-05-24 12:53:54] my_logger.INFO: user list [] []
[2018-05-24 12:53:57] my_logger.INFO: user list [] []
[2018-05-24 12:53:59] my_logger.INFO: user list [] []
[2018-05-24 12:53:59] my_logger.INFO: user list [] []
[2018-05-24 12:54:01] my_logger.INFO: user list [] []
[2018-05-24 12:56:14] my_logger.INFO: user list [] []
[2018-05-24 12:56:15] my_logger.INFO: user list [] []
[2018-05-24 12:56:18] my_logger.INFO: user list [] []
[2018-05-24 12:56:22] my_logger.INFO: user list [] []
[2018-05-24 12:56:27] my_logger.INFO: user list [] []
[2018-05-24 12:56:41] my_logger.INFO: user list [] []
[2018-05-24 12:56:42] my_logger.INFO: user list [] []
[2018-05-24 12:56:43] my_logger.INFO: user list [] []
[2018-05-24 12:56:46] my_logger.INFO: user list [] []
[2018-05-24 12:56:49] my_logger.INFO: user list [] []
[2018-05-24 12:58:03] my_logger.INFO: user list [] []
[2018-05-24 12:58:07] my_logger.INFO: user list [] []
[2018-05-24 12:58:12] my_logger.INFO: user list [] []
[2018-05-24 12:59:50] my_logger.INFO: user list [] []
[2018-05-24 13:01:46] my_logger.INFO: user list [] []
[2018-05-24 13:01:46] my_logger.INFO: user list [] []
[2018-05-24 13:01:46] my_logger.INFO: user list [] []
[2018-05-24 13:01:53] my_logger.INFO: user list [] []
[2018-05-24 13:01:58] my_logger.INFO: user list [] []
[2018-05-24 13:02:06] my_logger.INFO: user list [] []
[2018-05-24 16:40:57] my_logger.INFO: Menulist [] []
[2018-05-24 16:41:05] my_logger.INFO: user list [] []
[2018-05-24 16:41:09] my_logger.INFO: user list [] []
[2018-05-24 16:42:12] my_logger.INFO: user list [] []
[2018-05-24 16:42:15] my_logger.INFO: user list [] []
[2018-05-24 16:42:23] my_logger.INFO: depot list [] []
[2018-05-24 16:47:49] my_logger.INFO: user list [] []
[2018-05-24 16:48:00] my_logger.INFO: user list [] []
[2018-05-24 16:48:03] my_logger.INFO: user list [] []
[2018-05-24 16:48:19] my_logger.INFO: user list [] []
[2018-05-24 16:55:58] my_logger.INFO: user list [] []
[2018-05-24 16:56:01] my_logger.INFO: depot list [] []
[2018-05-24 17:14:04] my_logger.INFO: depot list [] []
[2018-05-24 17:14:17] my_logger.INFO: depot list [] []
[2018-05-24 17:14:36] my_logger.INFO: depot list [] []
[2018-05-24 17:14:37] my_logger.INFO: depot list [] []
[2018-05-24 17:14:37] my_logger.INFO: depot list [] []
[2018-05-24 17:14:43] my_logger.INFO: depot list [] []
[2018-05-24 17:14:58] my_logger.INFO: depot list [] []
[2018-05-24 17:15:05] my_logger.INFO: depot list [] []
[2018-05-24 17:15:23] my_logger.INFO: Menulist [] []
[2018-05-24 17:15:29] my_logger.INFO: depot list [] []
[2018-05-24 17:15:42] my_logger.INFO: depot list [] []
[2018-05-24 17:15:59] my_logger.INFO: depot list [] []
[2018-05-24 17:16:17] my_logger.INFO: depot list [] []
[2018-05-24 17:16:41] my_logger.INFO: depot list [] []
[2018-05-24 17:17:49] my_logger.INFO: depot list [] []
[2018-05-24 17:17:59] my_logger.INFO: depot list [] []
[2018-05-24 17:18:39] my_logger.INFO: depot list [] []
[2018-05-24 17:18:46] my_logger.INFO: Menulist [] []
[2018-05-24 17:19:01] my_logger.INFO: depot list [] []
[2018-05-24 17:19:26] my_logger.INFO: depot list [] []
[2018-05-24 17:19:38] my_logger.INFO: Menulist [] []
[2018-05-24 17:19:44] my_logger.INFO: depot list [] []
[2018-05-24 17:19:47] my_logger.INFO: depot list [] []
[2018-05-24 17:21:41] my_logger.INFO: depot list [] []
[2018-05-24 17:21:44] my_logger.INFO: user list [] []
[2018-05-24 17:23:31] my_logger.INFO: Menulist [] []
[2018-05-24 17:23:36] my_logger.INFO: user list [] []
[2018-05-24 17:24:12] my_logger.INFO: Menulist [] []
[2018-05-24 17:24:59] my_logger.INFO: user list [] []
[2018-05-24 17:25:07] my_logger.INFO: Menulist [] []
[2018-05-24 17:25:12] my_logger.INFO: user list [] []
[2018-05-24 17:25:50] my_logger.INFO: user list [] []
[2018-05-24 17:25:56] my_logger.INFO: depot list [] []
[2018-05-24 17:26:22] my_logger.INFO: depot list [] []
[2018-05-24 17:26:28] my_logger.INFO: user list [] []
[2018-05-24 17:26:34] my_logger.INFO: Menulist [] []
[2018-05-24 17:27:38] my_logger.INFO: Menulist [] []
[2018-05-24 17:27:43] my_logger.INFO: user list [] []
[2018-05-24 17:27:49] my_logger.INFO: Menulist [] []
[2018-05-24 17:27:54] my_logger.INFO: user list [] []
[2018-05-24 17:28:31] my_logger.INFO: depot list [] []
[2018-05-24 17:29:04] my_logger.INFO: user list [] []
[2018-05-24 17:29:07] my_logger.INFO: depot list [] []
[2018-05-24 17:29:10] my_logger.INFO: user list [] []
[2018-05-24 17:29:15] my_logger.INFO: user list [] []
[2018-05-24 17:29:20] my_logger.INFO: user list [] []
[2018-05-24 17:29:45] my_logger.INFO: user list [] []
[2018-05-24 17:29:49] my_logger.INFO: depot list [] []
[2018-05-24 17:32:04] my_logger.INFO: depot list [] []
[2018-05-24 17:34:15] my_logger.INFO: depot list [] []
[2018-05-24 17:34:35] my_logger.INFO: depot list [] []
[2018-05-24 17:34:51] my_logger.INFO: depot list [] []
[2018-05-24 17:36:18] my_logger.INFO: depot list [] []
[2018-05-24 17:41:19] my_logger.INFO: depot list [] []
[2018-05-24 17:41:19] my_logger.INFO: depot list [] []
[2018-05-24 17:41:57] my_logger.INFO: depot list [] []
[2018-05-24 17:42:25] my_logger.INFO: depot list [] []
[2018-05-24 17:46:40] my_logger.INFO: depot list [] []
[2018-05-24 17:47:40] my_logger.INFO: depot list [] []
[2018-05-24 17:48:35] my_logger.INFO: depot list [] []
[2018-05-24 17:48:45] my_logger.INFO: depot list [] []
[2018-05-24 17:52:47] my_logger.INFO: depot list [] []
[2018-05-24 17:54:05] my_logger.INFO: Menulist [] []
[2018-05-24 17:54:13] my_logger.INFO: user list [] []
[2018-05-24 17:54:29] my_logger.INFO: user list [] []
[2018-05-24 17:54:34] my_logger.INFO: Menulist [] []
[2018-05-24 17:54:44] my_logger.INFO: depot list [] []
[2018-05-24 17:55:44] my_logger.INFO: user list [] []
[2018-05-24 17:55:48] my_logger.INFO: user list [] []
[2018-05-24 17:57:02] my_logger.INFO: user list [] []
[2018-05-24 17:57:06] my_logger.INFO: user list [] []
[2018-05-24 17:57:12] my_logger.INFO: user list [] []
[2018-05-24 17:57:44] my_logger.INFO: user list [] []
[2018-05-24 17:57:49] my_logger.INFO: user list [] []
[2018-05-24 17:57:52] my_logger.INFO: user list [] []
[2018-05-24 17:57:58] my_logger.INFO: user list [] []
[2018-05-24 17:58:02] my_logger.INFO: user list [] []
[2018-05-24 17:58:05] my_logger.INFO: user list [] []
[2018-05-24 18:01:45] my_logger.INFO: depot list [] []
[2018-05-24 18:02:47] my_logger.INFO: depot list [] []
[2018-05-24 18:03:24] my_logger.INFO: user list [] []
[2018-05-24 18:03:30] my_logger.INFO: user list [] []
[2018-05-24 18:08:47] my_logger.INFO: user list [] []
[2018-05-24 18:08:57] my_logger.INFO: user list [] []
[2018-05-24 18:08:57] my_logger.INFO: user list [] []
[2018-05-24 18:09:01] my_logger.INFO: user list [] []
[2018-05-24 18:09:10] my_logger.INFO: user list [] []
[2018-05-24 18:09:15] my_logger.INFO: user list [] []
[2018-05-24 18:09:15] my_logger.INFO: user list [] []
[2018-05-24 18:09:53] my_logger.INFO: user list [] []
[2018-05-24 18:09:54] my_logger.INFO: user list [] []
[2018-05-24 18:09:54] my_logger.INFO: user list [] []
[2018-05-24 18:09:56] my_logger.INFO: user list [] []
[2018-05-24 18:10:02] my_logger.INFO: user list [] []
[2018-05-24 18:10:49] my_logger.INFO: user list [] []
[2018-05-24 18:10:53] my_logger.INFO: user list [] []
[2018-05-24 18:11:35] my_logger.INFO: user list [] []
[2018-05-24 18:11:38] my_logger.INFO: user list [] []
[2018-05-25 13:28:25] my_logger.INFO: Menulist [] []
[2018-05-25 13:28:45] my_logger.INFO: depot list [] []
[2018-05-25 13:28:52] my_logger.INFO: user list [] []
[2018-05-25 13:28:57] my_logger.INFO: depot list [] []
[2018-05-25 13:29:33] my_logger.INFO: depot list [] []
[2018-05-25 13:29:38] my_logger.INFO: depot list [] []
[2018-05-25 13:30:58] my_logger.INFO: Menulist [] []
[2018-05-25 13:31:15] my_logger.INFO: depot list [] []
[2018-05-25 13:31:43] my_logger.INFO: depot list [] []
[2018-05-25 13:31:51] my_logger.INFO: depot list [] []
[2018-05-25 13:32:08] my_logger.INFO: depot list [] []
[2018-05-25 13:32:12] my_logger.INFO: user list [] []
[2018-05-25 13:32:16] my_logger.INFO: user list [] []
[2018-05-25 13:32:21] my_logger.INFO: user list [] []
[2018-05-25 13:35:10] my_logger.INFO: user list [] []
[2018-05-25 13:35:16] my_logger.INFO: user list [] []
[2018-05-25 13:35:33] my_logger.INFO: user list [] []
[2018-05-25 13:35:50] my_logger.INFO: depot list [] []
[2018-05-25 13:35:54] my_logger.INFO: depot list [] []
[2018-05-25 13:38:02] my_logger.INFO: user list [] []
[2018-05-25 13:41:07] my_logger.INFO: Menulist [] []
[2018-05-25 13:41:14] my_logger.INFO: depot list [] []
[2018-05-25 13:41:22] my_logger.INFO: depot list [] []
[2018-05-25 13:41:29] my_logger.INFO: depot list [] []
[2018-05-25 13:41:46] my_logger.INFO: depot list [] []
[2018-05-25 13:41:51] my_logger.INFO: depot list [] []
[2018-05-25 13:41:56] my_logger.INFO: depot list [] []
[2018-05-25 13:44:37] my_logger.INFO: depot list [] []
[2018-05-25 13:44:45] my_logger.INFO: user list [] []
[2018-05-25 13:44:48] my_logger.INFO: user list [] []
[2018-05-25 13:44:55] my_logger.INFO: user list [] []
[2018-05-25 13:45:04] my_logger.INFO: Menulist [] []
[2018-05-25 13:45:09] my_logger.INFO: user list [] []
[2018-05-25 13:45:11] my_logger.INFO: user list [] []
[2018-05-25 13:45:14] my_logger.INFO: user list [] []
[2018-05-25 13:45:53] my_logger.INFO: user list [] []
[2018-05-25 13:45:58] my_logger.INFO: user list [] []
[2018-05-25 13:46:02] my_logger.INFO: user list [] []
[2018-05-25 13:46:34] my_logger.INFO: user list [] []
[2018-05-25 13:46:38] my_logger.INFO: user list [] []
[2018-05-25 13:48:45] my_logger.INFO: user list [] []
[2018-05-25 13:48:46] my_logger.INFO: user list [] []
[2018-05-25 13:48:49] my_logger.INFO: user list [] []
[2018-05-25 13:48:52] my_logger.INFO: user list [] []
[2018-05-25 13:49:11] my_logger.INFO: user list [] []
[2018-05-25 13:49:13] my_logger.INFO: user list [] []
[2018-05-25 13:49:18] my_logger.INFO: user list [] []
[2018-05-25 13:49:52] my_logger.INFO: user list [] []
[2018-05-25 13:49:55] my_logger.INFO: user list [] []
[2018-05-25 13:55:30] my_logger.INFO: user list [] []
[2018-05-25 13:55:33] my_logger.INFO: user list [] []
[2018-05-25 13:55:37] my_logger.INFO: user list [] []
[2018-05-25 13:56:05] my_logger.INFO: user list [] []
[2018-05-25 13:56:08] my_logger.INFO: user list [] []
[2018-05-25 13:56:11] my_logger.INFO: user list [] []
[2018-05-25 13:56:23] my_logger.INFO: user list [] []
[2018-05-25 13:56:26] my_logger.INFO: user list [] []
[2018-05-25 13:56:29] my_logger.INFO: user list [] []
[2018-05-25 13:56:30] my_logger.INFO: user list [] []
[2018-05-25 13:56:30] my_logger.INFO: user list [] []
[2018-05-25 13:56:31] my_logger.INFO: user list [] []
[2018-05-25 13:56:31] my_logger.INFO: user list [] []
[2018-05-25 13:56:41] my_logger.INFO: user list [] []
[2018-05-25 13:56:44] my_logger.INFO: user list [] []
[2018-05-25 13:57:26] my_logger.INFO: user list [] []
[2018-05-25 13:58:18] my_logger.INFO: Menulist [] []
[2018-05-25 13:58:29] my_logger.INFO: user list [] []
[2018-05-25 13:58:33] my_logger.INFO: user list [] []
[2018-05-25 14:05:44] my_logger.INFO: Menulist [] []
[2018-05-25 14:05:54] my_logger.INFO: user list [] []
[2018-05-25 14:05:56] my_logger.INFO: user list [] []
[2018-05-25 14:08:27] my_logger.INFO: user list [] []
[2018-05-25 14:15:23] my_logger.INFO: user list [] []
[2018-05-25 14:15:26] my_logger.INFO: user list [] []
[2018-05-25 15:14:37] my_logger.INFO: Menulist [] []
[2018-05-25 15:14:50] my_logger.INFO: Deposit list [] []
[2018-05-25 15:16:10] my_logger.INFO: Deposit list [] []
[2018-05-25 15:17:01] my_logger.INFO: Deposit list [] []
[2018-05-25 15:17:34] my_logger.INFO: Deposit list [] []
[2018-05-25 15:17:35] my_logger.INFO: Deposit list [] []
[2018-05-25 15:17:35] my_logger.INFO: Deposit list [] []
[2018-05-25 15:17:52] my_logger.INFO: Deposit list [] []
[2018-05-25 15:18:07] my_logger.INFO: Deposit list [] []
[2018-05-25 15:18:15] my_logger.INFO: Deposit list [] []
[2018-05-25 15:18:45] my_logger.INFO: Deposit list [] []
[2018-05-25 15:21:59] my_logger.INFO: Deposit list [] []
[2018-05-26 04:09:45] my_logger.INFO: Menulist [] []
[2018-05-26 04:10:41] my_logger.INFO: Deposit list [] []
[2018-05-26 04:10:45] my_logger.INFO: depot list [] []
[2018-05-26 04:11:00] my_logger.INFO: depot list [] []
[2018-05-26 04:11:06] my_logger.INFO: depot list [] []
[2018-05-26 04:11:10] my_logger.INFO: depot list [] []
[2018-05-26 04:11:14] my_logger.INFO: depot list [] []
[2018-05-26 04:11:23] my_logger.INFO: depot list [] []
[2018-05-26 04:11:29] my_logger.INFO: depot list [] []
[2018-05-26 04:11:35] my_logger.INFO: depot list [] []
[2018-05-26 04:11:45] my_logger.INFO: depot list [] []
[2018-05-26 04:11:50] my_logger.INFO: depot list [] []
[2018-05-26 04:11:56] my_logger.INFO: depot list [] []
[2018-05-26 04:12:01] my_logger.INFO: depot list [] []
[2018-05-26 04:14:18] my_logger.INFO: Deposit list [] []
[2018-05-26 04:16:14] my_logger.INFO: depot list [] []
[2018-05-26 04:16:22] my_logger.INFO: depot list [] []
[2018-05-26 04:19:34] my_logger.INFO: depot list [] []
[2018-05-26 04:21:10] my_logger.INFO: user list [] []
[2018-05-26 04:21:13] my_logger.INFO: Deposit list [] []
[2018-05-26 04:21:20] my_logger.INFO: Deposit list [] []
[2018-05-26 04:21:51] my_logger.INFO: Deposit list [] []
[2018-05-26 04:22:00] my_logger.INFO: depot list [] []
[2018-05-26 04:23:22] my_logger.INFO: Deposit list [] []
[2018-05-26 04:31:08] my_logger.INFO: Deposit list [] []
[2018-05-26 04:31:21] my_logger.INFO: Deposit list [] []
[2018-05-26 04:35:10] my_logger.INFO: Menulist [] []
[2018-05-26 04:35:18] my_logger.INFO: Deposit list [] []
[2018-05-26 04:36:46] my_logger.INFO: Deposit list [] []
[2018-05-26 04:36:46] my_logger.INFO: Deposit list [] []
[2018-05-26 04:36:47] my_logger.INFO: Deposit list [] []
[2018-05-26 04:36:47] my_logger.INFO: Deposit list [] []
[2018-05-26 04:36:47] my_logger.INFO: Deposit list [] []
[2018-05-26 04:36:59] my_logger.INFO: Deposit list [] []
[2018-05-26 04:36:59] my_logger.INFO: Deposit list [] []
[2018-05-26 04:37:00] my_logger.INFO: Deposit list [] []
[2018-05-26 04:38:16] my_logger.INFO: Deposit list [] []
[2018-05-26 04:38:17] my_logger.INFO: Deposit list [] []
[2018-05-26 04:38:17] my_logger.INFO: Deposit list [] []
[2018-05-26 04:38:17] my_logger.INFO: Deposit list [] []
[2018-05-26 04:38:17] my_logger.INFO: Deposit list [] []
[2018-05-26 04:38:17] my_logger.INFO: Deposit list [] []
[2018-05-26 04:38:18] my_logger.INFO: Deposit list [] []
[2018-05-26 04:38:18] my_logger.INFO: Deposit list [] []
[2018-05-26 04:38:26] my_logger.INFO: Deposit list [] []
[2018-05-26 04:40:20] my_logger.INFO: Deposit list [] []
[2018-05-26 04:40:20] my_logger.INFO: Deposit list [] []
[2018-05-26 04:40:21] my_logger.INFO: Deposit list [] []
[2018-05-26 04:40:21] my_logger.INFO: Deposit list [] []
[2018-05-26 04:41:51] my_logger.INFO: Deposit list [] []
[2018-05-26 04:41:51] my_logger.INFO: Deposit list [] []
[2018-05-26 04:42:52] my_logger.INFO: Deposit list [] []
[2018-05-26 04:42:52] my_logger.INFO: Deposit list [] []
[2018-05-26 04:47:21] my_logger.INFO: Deposit list [] []
[2018-05-26 04:48:15] my_logger.INFO: Deposit list [] []
[2018-05-26 04:48:16] my_logger.INFO: Deposit list [] []
[2018-05-26 04:48:17] my_logger.INFO: Deposit list [] []
[2018-05-26 04:48:17] my_logger.INFO: Deposit list [] []
[2018-05-26 04:51:36] my_logger.INFO: Deposit list [] []
[2018-05-26 04:54:30] my_logger.INFO: Deposit list [] []
[2018-05-26 04:55:19] my_logger.INFO: Deposit list [] []
[2018-05-26 04:55:28] my_logger.INFO: Deposit list [] []
[2018-05-26 04:55:32] my_logger.INFO: Deposit list [] []
[2018-05-26 05:04:03] my_logger.INFO: Deposit list [] []
[2018-05-26 05:51:11] my_logger.INFO: Menulist [] []
[2018-05-26 05:51:17] my_logger.INFO: depot list [] []
[2018-05-26 05:51:20] my_logger.INFO: Deposit list [] []
[2018-05-26 06:57:12] my_logger.INFO: depot list [] []
[2018-05-26 06:57:18] my_logger.INFO: Deposit list [] []
[2018-05-26 06:57:27] my_logger.INFO: depot list [] []
[2018-05-26 06:57:30] my_logger.INFO: Deposit list [] []
[2018-05-26 06:57:50] my_logger.INFO: Deposit list [] []
[2018-05-26 06:58:00] my_logger.INFO: Deposit list [] []
[2018-05-26 06:58:56] my_logger.INFO: Deposit list [] []
[2018-05-26 06:59:00] my_logger.INFO: depot list [] []
[2018-05-26 06:59:03] my_logger.INFO: depot list [] []
[2018-05-26 06:59:06] my_logger.INFO: Deposit list [] []
[2018-05-26 08:00:58] my_logger.INFO: Deposit list [] []
[2018-05-26 08:01:04] my_logger.INFO: Deposit list [] []
[2018-05-26 08:01:25] my_logger.INFO: Deposit list [] []
[2018-05-26 08:02:36] my_logger.INFO: user list [] []
[2018-05-26 08:06:04] my_logger.INFO: user list [] []
[2018-05-26 08:09:28] my_logger.INFO: user list [] []
[2018-05-26 08:09:31] my_logger.INFO: user list [] []
[2018-05-26 08:09:36] my_logger.INFO: user list [] []
[2018-05-26 08:10:26] my_logger.INFO: user list [] []
[2018-05-26 08:10:26] my_logger.INFO: user list [] []
[2018-05-26 08:10:26] my_logger.INFO: user list [] []
[2018-05-26 08:10:26] my_logger.INFO: user list [] []
[2018-05-26 08:10:29] my_logger.INFO: user list [] []
[2018-05-26 08:10:33] my_logger.INFO: user list [] []
[2018-05-26 08:12:03] my_logger.INFO: user list [] []
[2018-05-26 08:12:04] my_logger.INFO: user list [] []
[2018-05-26 08:12:04] my_logger.INFO: user list [] []
[2018-05-26 08:12:07] my_logger.INFO: user list [] []
[2018-05-26 08:12:10] my_logger.INFO: user list [] []
[2018-05-26 08:12:39] my_logger.INFO: user list [] []
[2018-05-26 08:12:42] my_logger.INFO: user list [] []
[2018-05-26 08:13:12] my_logger.INFO: user list [] []
[2018-05-26 08:13:15] my_logger.INFO: user list [] []
[2018-05-26 08:13:34] my_logger.INFO: user list [] []
[2018-05-26 08:13:34] my_logger.INFO: user list [] []
[2018-05-26 08:13:34] my_logger.INFO: user list [] []
[2018-05-26 08:13:34] my_logger.INFO: user list [] []
[2018-05-26 08:13:35] my_logger.INFO: user list [] []
[2018-05-26 08:13:35] my_logger.INFO: user list [] []
[2018-05-26 08:13:35] my_logger.INFO: user list [] []
[2018-05-26 08:13:35] my_logger.INFO: user list [] []
[2018-05-26 08:13:35] my_logger.INFO: user list [] []
[2018-05-26 08:13:35] my_logger.INFO: user list [] []
[2018-05-26 08:13:36] my_logger.INFO: user list [] []
[2018-05-26 08:13:39] my_logger.INFO: user list [] []
[2018-05-28 02:59:52] my_logger.INFO: Menulist [] []
[2018-05-28 03:00:39] my_logger.INFO: Menulist [] []
[2018-05-28 03:00:45] my_logger.INFO: depot list [] []
[2018-05-28 03:00:54] my_logger.INFO: depot list [] []
[2018-05-28 03:00:58] my_logger.INFO: depot list [] []
[2018-05-28 03:01:00] my_logger.INFO: depot list [] []
[2018-05-28 03:01:02] my_logger.INFO: Deposit list [] []
[2018-05-28 03:06:29] my_logger.INFO: depot list [] []
[2018-05-28 03:07:07] my_logger.INFO: depot list [] []
[2018-05-28 03:13:16] my_logger.INFO: depot list [] []
[2018-05-28 03:13:56] my_logger.INFO: depot list [] []
[2018-05-28 03:14:30] my_logger.INFO: depot list [] []
[2018-05-28 03:16:39] my_logger.INFO: depot list [] []
[2018-05-28 03:19:37] my_logger.INFO: Menulist [] []
[2018-05-28 03:19:42] my_logger.INFO: depot list [] []
[2018-05-28 03:20:01] my_logger.INFO: depot list [] []
[2018-05-28 03:20:02] my_logger.INFO: depot list [] []
[2018-05-28 03:20:02] my_logger.INFO: depot list [] []
[2018-05-28 03:21:35] my_logger.INFO: Menulist [] []
[2018-05-28 03:21:41] my_logger.INFO: user list [] []
[2018-05-28 03:21:43] my_logger.INFO: depot list [] []
[2018-05-28 03:23:12] my_logger.INFO: depot list [] []
[2018-05-28 03:24:14] my_logger.INFO: depot list [] []
[2018-05-28 03:24:21] my_logger.INFO: depot list [] []
[2018-05-28 03:25:42] my_logger.INFO: depot list [] []
[2018-05-28 03:25:50] my_logger.INFO: depot list [] []
[2018-05-28 03:26:41] my_logger.INFO: depot list [] []
[2018-05-28 03:26:41] my_logger.INFO: depot list [] []
[2018-05-28 03:26:41] my_logger.INFO: depot list [] []
[2018-05-28 03:26:42] my_logger.INFO: depot list [] []
[2018-05-28 03:27:06] my_logger.INFO: depot list [] []
[2018-05-28 03:27:08] my_logger.INFO: depot list [] []
[2018-05-28 03:27:09] my_logger.INFO: depot list [] []
[2018-05-28 03:27:18] my_logger.INFO: depot list [] []
[2018-05-28 03:27:19] my_logger.INFO: depot list [] []
[2018-05-28 03:27:35] my_logger.INFO: depot list [] []
[2018-05-28 03:27:49] my_logger.INFO: depot list [] []
[2018-05-28 03:30:24] my_logger.INFO: depot list [] []
[2018-05-28 03:32:11] my_logger.INFO: depot list [] []
[2018-05-28 03:32:18] my_logger.INFO: depot list [] []
[2018-05-28 03:32:26] my_logger.INFO: depot list [] []
[2018-05-28 03:32:30] my_logger.INFO: depot list [] []
[2018-05-28 03:32:34] my_logger.INFO: depot list [] []
[2018-05-28 03:32:37] my_logger.INFO: Deposit list [] []
[2018-05-28 03:34:17] my_logger.INFO: depot list [] []
[2018-05-28 03:37:17] my_logger.INFO: Deposit list [] []
[2018-05-28 03:41:16] my_logger.INFO: depot list [] []
[2018-05-28 03:41:20] my_logger.INFO: depot list [] []
[2018-05-28 03:41:23] my_logger.INFO: Menulist [] []
[2018-05-28 03:41:44] my_logger.INFO: Menulist [] []
[2018-05-28 03:42:05] my_logger.INFO: Menulist [] []
[2018-05-28 03:42:10] my_logger.INFO: user list [] []
[2018-05-28 03:42:13] my_logger.INFO: depot list [] []
[2018-05-28 03:42:16] my_logger.INFO: Deposit list [] []
[2018-05-28 03:43:53] my_logger.INFO: depot list [] []
[2018-05-28 03:43:58] my_logger.INFO: depot list [] []
[2018-05-28 03:44:01] my_logger.INFO: Deposit list [] []
[2018-05-28 03:44:04] my_logger.INFO: Deposit list [] []
[2018-05-28 03:45:44] my_logger.INFO: Deposit list [] []
[2018-05-28 03:45:56] my_logger.INFO: Deposit list [] []
[2018-05-28 03:46:05] my_logger.INFO: Deposit list [] []
[2018-05-28 03:46:14] my_logger.INFO: depot list [] []
[2018-05-28 03:46:16] my_logger.INFO: depot list [] []
[2018-05-28 03:46:18] my_logger.INFO: depot list [] []
[2018-05-28 03:46:29] my_logger.INFO: depot list [] []
[2018-05-28 03:46:32] my_logger.INFO: depot list [] []
[2018-05-28 03:46:35] my_logger.INFO: Deposit list [] []
[2018-05-28 03:46:36] my_logger.INFO: user list [] []
[2018-05-28 03:50:22] my_logger.INFO: depot list [] []
[2018-05-28 03:50:26] my_logger.INFO: depot list [] []
[2018-05-28 03:50:35] my_logger.INFO: depot list [] []
[2018-05-28 03:50:38] my_logger.INFO: HomeWater Application [] []
[2018-05-28 03:50:52] my_logger.INFO: Deposit list [] []
[2018-05-28 03:50:58] my_logger.INFO: HomeWater Application [] []
[2018-05-28 03:51:23] my_logger.INFO: user list [] []
[2018-05-28 03:51:26] my_logger.INFO: user list [] []
[2018-05-28 03:51:30] my_logger.INFO: depot list [] []
[2018-05-28 03:51:33] my_logger.INFO: depot list [] []
[2018-05-28 03:51:35] my_logger.INFO: Deposit list [] []
[2018-05-28 03:51:45] my_logger.INFO: depot list [] []
[2018-05-28 04:29:36] my_logger.INFO: HomeWater Application [] []
[2018-05-28 04:30:38] my_logger.INFO: HomeWater Application [] []
[2018-05-28 04:33:21] my_logger.INFO: HomeWater Application [] []
[2018-05-28 04:39:21] my_logger.INFO: user list [] []
[2018-05-28 04:39:34] my_logger.INFO: user list [] []
[2018-05-28 04:49:03] my_logger.INFO: user list [] []
[2018-05-28 04:49:03] my_logger.INFO: user list [] []
[2018-05-28 04:49:03] my_logger.INFO: user list [] []
[2018-05-28 04:49:03] my_logger.INFO: user list [] []
[2018-05-28 04:49:47] my_logger.INFO: user list [] []
[2018-05-28 04:52:49] my_logger.INFO: user list [] []
[2018-05-28 04:52:49] my_logger.INFO: user list [] []
[2018-05-28 04:52:49] my_logger.INFO: user list [] []
[2018-05-28 04:52:49] my_logger.INFO: user list [] []
[2018-05-28 04:53:40] my_logger.INFO: user list [] []
[2018-05-28 04:55:59] my_logger.INFO: user list [] []
[2018-05-28 04:55:59] my_logger.INFO: user list [] []
[2018-05-28 04:55:59] my_logger.INFO: user list [] []
[2018-05-28 04:55:59] my_logger.INFO: user list [] []
[2018-05-28 04:56:00] my_logger.INFO: user list [] []
[2018-05-28 04:56:00] my_logger.INFO: user list [] []
[2018-05-28 04:56:10] my_logger.INFO: user list [] []
[2018-05-28 04:57:02] my_logger.INFO: user list [] []
[2018-05-28 04:57:02] my_logger.INFO: user list [] []
[2018-05-28 04:57:09] my_logger.INFO: user list [] []
[2018-05-28 04:57:28] my_logger.INFO: user list [] []
[2018-05-28 04:57:28] my_logger.INFO: user list [] []
[2018-05-28 04:57:32] my_logger.INFO: user list [] []
[2018-05-28 04:59:49] my_logger.INFO: user list [] []
[2018-05-28 04:59:49] my_logger.INFO: user list [] []
[2018-05-28 04:59:56] my_logger.INFO: user list [] []
[2018-05-28 05:01:12] my_logger.INFO: user list [] []
[2018-05-28 05:01:12] my_logger.INFO: user list [] []
[2018-05-28 05:01:12] my_logger.INFO: user list [] []
[2018-05-28 05:01:19] my_logger.INFO: user list [] []
[2018-05-28 05:01:57] my_logger.INFO: user list [] []
[2018-05-28 05:01:57] my_logger.INFO: user list [] []
[2018-05-28 05:01:57] my_logger.INFO: user list [] []
[2018-05-28 05:01:57] my_logger.INFO: user list [] []
[2018-05-28 05:01:59] my_logger.INFO: user list [] []
[2018-05-28 05:07:22] my_logger.INFO: user list [] []
[2018-05-28 05:07:22] my_logger.INFO: user list [] []
[2018-05-28 05:07:22] my_logger.INFO: user list [] []
[2018-05-28 05:07:22] my_logger.INFO: user list [] []
[2018-05-28 05:07:27] my_logger.INFO: user list [] []
[2018-05-28 05:08:10] my_logger.INFO: user list [] []
[2018-05-28 05:08:11] my_logger.INFO: user list [] []
[2018-05-28 05:08:11] my_logger.INFO: user list [] []
[2018-05-28 05:08:14] my_logger.INFO: user list [] []
[2018-05-28 05:10:07] my_logger.INFO: HomeWater Application [] []
[2018-05-28 05:10:15] my_logger.INFO: user list [] []
[2018-05-28 05:10:20] my_logger.INFO: user list [] []
[2018-05-28 05:33:42] my_logger.INFO: HomeWater Application [] []
[2018-05-28 05:35:56] my_logger.INFO: HomeWater Application [] []
[2018-05-28 05:35:56] my_logger.INFO: HomeWater Application [] []
[2018-05-28 05:36:02] my_logger.INFO: user list [] []
[2018-05-28 05:36:07] my_logger.INFO: user list [] []
[2018-05-28 05:37:57] my_logger.INFO: user list [] []
[2018-05-28 05:37:57] my_logger.INFO: user list [] []
[2018-05-28 05:38:02] my_logger.INFO: user list [] []
[2018-05-28 05:42:06] my_logger.INFO: user list [] []
[2018-05-28 05:42:09] my_logger.INFO: HomeWater Application [] []
[2018-05-28 05:42:14] my_logger.INFO: user list [] []
[2018-05-28 05:42:16] my_logger.INFO: user list [] []
[2018-05-28 05:42:20] my_logger.INFO: user list [] []
[2018-05-28 05:42:31] my_logger.INFO: user list [] []
[2018-05-28 05:42:37] my_logger.INFO: user list [] []
[2018-05-28 05:45:11] my_logger.INFO: user list [] []
[2018-05-28 05:45:51] my_logger.INFO: user list [] []
[2018-05-28 05:45:52] my_logger.INFO: user list [] []
[2018-05-28 05:45:52] my_logger.INFO: user list [] []
[2018-05-28 05:45:53] my_logger.INFO: user list [] []
[2018-05-28 05:48:32] my_logger.INFO: user list [] []
[2018-05-28 05:48:47] my_logger.INFO: user list [] []
[2018-05-28 05:48:55] my_logger.INFO: user list [] []
[2018-05-28 05:48:58] my_logger.INFO: Deposit list [] []
[2018-05-28 05:49:01] my_logger.INFO: depot list [] []
[2018-05-28 05:50:36] my_logger.INFO: depot list [] []
[2018-05-28 05:50:38] my_logger.INFO: HomeWater Application [] []
[2018-05-28 05:50:43] my_logger.INFO: user list [] []
[2018-05-28 05:50:46] my_logger.INFO: depot list [] []
[2018-05-28 05:50:48] my_logger.INFO: depot list [] []
[2018-05-28 05:50:50] my_logger.INFO: Deposit list [] []
[2018-05-28 06:45:47] my_logger.INFO: HomeWater Application [] []
[2018-05-28 06:45:55] my_logger.INFO: depot list [] []
[2018-05-28 06:46:04] my_logger.INFO: depot list [] []
[2018-05-28 06:46:11] my_logger.INFO: depot list [] []
[2018-05-28 06:46:31] my_logger.INFO: depot list [] []
[2018-05-28 06:46:39] my_logger.INFO: depot list [] []
[2018-05-28 06:46:45] my_logger.INFO: depot list [] []
[2018-05-28 06:46:52] my_logger.INFO: depot list [] []
[2018-05-28 06:47:16] my_logger.INFO: Deposit list [] []
[2018-05-28 06:49:57] my_logger.INFO: Deposit list [] []
[2018-05-28 06:50:01] my_logger.INFO: Deposit list [] []
[2018-05-28 06:50:14] my_logger.INFO: Deposit list [] []
[2018-05-28 06:51:04] my_logger.INFO: Deposit list [] []
[2018-05-28 06:51:09] my_logger.INFO: Deposit list [] []
[2018-05-28 06:51:51] my_logger.INFO: Deposit list [] []
[2018-05-28 06:51:56] my_logger.INFO: depot list [] []
[2018-05-28 06:51:59] my_logger.INFO: depot list [] []
[2018-05-28 06:52:14] my_logger.INFO: depot list [] []
[2018-05-28 06:52:36] my_logger.INFO: depot list [] []
[2018-05-28 06:53:35] my_logger.INFO: depot list [] []
[2018-05-28 06:53:39] my_logger.INFO: depot list [] []
[2018-05-28 06:54:44] my_logger.INFO: depot list [] []
[2018-05-28 06:55:04] my_logger.INFO: depot list [] []
[2018-05-28 06:55:07] my_logger.INFO: depot list [] []
[2018-05-28 06:55:09] my_logger.INFO: depot list [] []
[2018-05-28 06:55:15] my_logger.INFO: depot list [] []
[2018-05-28 06:55:23] my_logger.INFO: user list [] []
[2018-05-28 06:55:33] my_logger.INFO: Deposit list [] []
[2018-05-28 06:55:47] my_logger.INFO: depot list [] []
[2018-05-28 06:55:51] my_logger.INFO: depot list [] []
[2018-05-28 06:56:49] my_logger.INFO: Deposit list [] []
[2018-05-28 06:56:52] my_logger.INFO: depot list [] []
[2018-05-28 06:56:56] my_logger.INFO: depot list [] []
[2018-05-28 06:56:58] my_logger.INFO: user list [] []
[2018-05-28 06:57:01] my_logger.INFO: Deposit list [] []
[2018-05-28 06:57:04] my_logger.INFO: HomeWater Application [] []
[2018-05-28 06:57:16] my_logger.INFO: user list [] []
[2018-05-28 06:57:21] my_logger.INFO: depot list [] []
[2018-05-28 06:57:25] my_logger.INFO: depot list [] []
[2018-05-28 06:57:31] my_logger.INFO: Deposit list [] []
[2018-05-28 06:57:33] my_logger.INFO: HomeWater Application [] []
[2018-05-28 07:24:32] my_logger.INFO: HomeWater Application [] []
[2018-05-28 07:27:59] my_logger.INFO: Deposit list [] []
[2018-05-28 07:28:10] my_logger.INFO: depot list [] []
[2018-05-28 07:28:14] my_logger.INFO: depot list [] []
